\BOOKMARK [0][-]{chapter.1}{\376\377\000R\000e\000s\000u\000m\000e\000n}{}% 1
\BOOKMARK [0][-]{chapter.2}{\376\377\000I\000n\000t\000r\000o\000d\000u\000c\000c\000i\000\363\000n}{}% 2
\BOOKMARK [0][-]{chapter.3}{\376\377\000E\000s\000t\000a\000d\000o\000\040\000d\000e\000l\000\040\000A\000r\000t\000e}{}% 3
\BOOKMARK [1][-]{section.3.1}{\376\377\000I\000J\000C\000B\000\040\0002\0000\0002\0002\000\040\000M\000o\000b\000i\000l\000e\000B\0002\000C\000:\000\040\000C\000o\000m\000p\000e\000t\000i\000c\000i\000\363\000n\000\040\000d\000e\000\040\000A\000u\000t\000e\000n\000t\000i\000c\000a\000c\000i\000\363\000n\000\040\000B\000a\000s\000a\000d\000a\000\040\000e\000n\000\040\000C\000o\000m\000p\000o\000r\000t\000a\000m\000i\000e\000n\000t\000o\000\040\000M\000\363\000v\000i\000l}{chapter.3}% 4
\BOOKMARK [1][-]{section.3.2}{\376\377\000B\000e\000h\000a\000v\000e\000F\000o\000r\000m\000e\000r\000:\000\040\000A\000\040\000F\000r\000a\000m\000e\000w\000o\000r\000k\000\040\000w\000i\000t\000h\000\040\000S\000p\000a\000t\000i\000o\000-\000T\000e\000m\000p\000o\000r\000a\000l\000\040\000D\000u\000a\000l\000\040\000A\000t\000t\000e\000n\000t\000i\000o\000n\000\040\000T\000r\000a\000n\000s\000f\000o\000r\000m\000e\000r\000s\000\040\000f\000o\000r\000\040\000I\000M\000U\000\040\000e\000n\000h\000a\000n\000c\000e\000d\000\040\000K\000e\000y\000s\000t\000r\000o\000k\000e\000\040\000D\000y\000n\000a\000m\000i\000c\000s}{chapter.3}% 5
\BOOKMARK [1][-]{section.3.3}{\376\377\000T\000y\000p\000e\0002\000B\000r\000a\000n\000c\000h\000:\000\040\000K\000e\000y\000s\000t\000r\000o\000k\000e\000\040\000B\000i\000o\000m\000e\000t\000r\000i\000c\000s\000\040\000b\000a\000s\000e\000d\000\040\000o\000n\000\040\000a\000\040\000D\000u\000a\000l\000-\000b\000r\000a\000n\000c\000h\000\040\000A\000r\000c\000h\000i\000t\000e\000c\000t\000u\000r\000e\000\040\000w\000i\000t\000h\000\040\000A\000t\000t\000e\000n\000t\000i\000o\000n\000\040\000M\000e\000c\000h\000a\000n\000i\000s\000m\000s\000\040\000a\000n\000d\000\040\000S\000e\000t\0002\000s\000e\000t\000\040\000L\000o\000s\000s}{chapter.3}% 6
\BOOKMARK [2][-]{subsection.3.3.1}{\376\377\000E\000v\000o\000l\000u\000c\000i\000\363\000n\000\040\000d\000e\000\040\000l\000a\000s\000\040\000A\000r\000q\000u\000i\000t\000e\000c\000t\000u\000r\000a\000s\000\040\000d\000e\000\040\000A\000p\000r\000e\000n\000d\000i\000z\000a\000j\000e\000\040\000P\000r\000o\000f\000u\000n\000d\000o}{section.3.3}% 7
\BOOKMARK [2][-]{subsection.3.3.2}{\376\377\000F\000u\000n\000c\000i\000o\000n\000e\000s\000\040\000d\000e\000\040\000P\000\351\000r\000d\000i\000d\000a\000\040\000y\000\040\000V\000e\000r\000i\000f\000i\000c\000a\000c\000i\000\363\000n}{section.3.3}% 8
\BOOKMARK [2][-]{subsection.3.3.3}{\376\377\000M\000\351\000t\000r\000i\000c\000a\000s\000\040\000d\000e\000\040\000R\000e\000n\000d\000i\000m\000i\000e\000n\000t\000o\000\040\000e\000n\000\040\000A\000u\000t\000e\000n\000t\000i\000c\000a\000c\000i\000\363\000n\000\040\000P\000a\000s\000i\000v\000a}{section.3.3}% 9
\BOOKMARK [2][-]{subsection.3.3.4}{\376\377\000I\000m\000p\000o\000r\000t\000a\000n\000c\000i\000a\000\040\000p\000a\000r\000a\000\040\000l\000a\000\040\000A\000u\000t\000e\000n\000t\000i\000c\000a\000c\000i\000\363\000n\000\040\000P\000a\000s\000i\000v\000a}{section.3.3}% 10
\BOOKMARK [1][-]{section.3.4}{\376\377\000E\000s\000t\000a\000d\000o\000\040\000d\000e\000l\000\040\000A\000r\000t\000e\000:\000\040\000A\000u\000t\000e\000n\000t\000i\000c\000a\000c\000i\000\363\000n\000\040\000C\000o\000n\000t\000i\000n\000u\000a\000\040\000y\000\040\000E\000n\000s\000a\000m\000b\000l\000a\000d\000o\000s\000\040\000d\000e\000\040\000R\000e\000d\000e\000s\000\040\000P\000r\000o\000f\000u\000n\000d\000a\000s}{chapter.3}% 11
\BOOKMARK [2][-]{subsection.3.4.1}{\376\377\000E\000v\000o\000l\000u\000c\000i\000\363\000n\000\040\000d\000e\000\040\000l\000a\000s\000\040\000T\000\351\000c\000n\000i\000c\000a\000s\000\040\000d\000e\000\040\000C\000l\000a\000s\000i\000f\000i\000c\000a\000c\000i\000\363\000n}{section.3.4}% 12
\BOOKMARK [2][-]{subsection.3.4.2}{\376\377\000E\000x\000t\000r\000a\000c\000c\000i\000\363\000n\000\040\000d\000e\000\040\000C\000a\000r\000a\000c\000t\000e\000r\000\355\000s\000t\000i\000c\000a\000s\000\040\000y\000\040\000R\000e\000p\000r\000e\000s\000e\000n\000t\000a\000c\000i\000\363\000n\000\040\000d\000e\000\040\000D\000a\000t\000o\000s}{section.3.4}% 13
\BOOKMARK [2][-]{subsection.3.4.3}{\376\377\000D\000e\000s\000a\000f\000\355\000o\000s\000\040\000e\000n\000\040\000l\000a\000\040\000A\000u\000t\000e\000n\000t\000i\000c\000a\000c\000i\000\363\000n\000\040\000P\000a\000s\000i\000v\000a}{section.3.4}% 14
\BOOKMARK [0][-]{chapter.4}{\376\377\000M\000a\000r\000c\000o\000\040\000T\000e\000\363\000r\000i\000c\000o}{}% 15
\BOOKMARK [0][-]{chapter.5}{\376\377\000M\000e\000t\000o\000d\000o\000l\000o\000g\000\355\000a}{}% 16
\BOOKMARK [0][-]{chapter.6}{\376\377\000R\000e\000s\000u\000l\000t\000a\000d\000o\000s}{}% 17
\BOOKMARK [0][-]{chapter.7}{\376\377\000C\000o\000n\000c\000l\000u\000s\000i\000o\000n\000e\000s}{}% 18
\BOOKMARK [0][-]{chapter.8}{\376\377\000L\000i\000m\000i\000t\000a\000c\000i\000o\000n\000e\000s\000\040\000y\000\040\000t\000r\000a\000b\000a\000j\000o\000s\000\040\000f\000u\000t\000u\000r\000o\000s}{}% 19
\BOOKMARK [1][-]{section*.4}{\376\377\000B\000i\000b\000l\000i\000o\000g\000r\000a\000f\000\355\000a}{chapter.8}% 20
